<?xml version="1.0" encoding="UTF-8"?>
<testsuite xmlns:xsi="http://www.w3.org/2001/XMLSchema-instance" xsi:noNamespaceSchemaLocation="https://maven.apache.org/surefire/maven-surefire-plugin/xsd/surefire-test-report-3.0.xsd" version="3.0" name="br.com.alura.repository.OrdemRepositoryTest" time="3.811" tests="1" errors="0" skipped="0" failures="0">
  <properties>
[...]
</properties>
  <testcase name="testarSeListAllRetornaOrdensCorretas" classname="br.com.alura.repository.OrdemRepositoryTest" time="0.394">
    <system-out><![CDATA[2021-04-08 00:08:50,826 INFO  [io.quarkus] (main) Quarkus 1.7.3.Final on JVM started in 2.866s. Listening on: http://0.0.0.0:8081
2021-04-08 00:08:50,837 INFO  [io.quarkus] (main) Profile test activated. 
2021-04-08 00:08:50,837 INFO  [io.quarkus] (main) Installed features: [agroal, cdi, hibernate-orm, hibernate-orm-panache, jdbc-mysql, mutiny, narayana-jta, rest-client, resteasy, resteasy-jsonb, security, security-jpa, smallrye-context-propagation]
]]></system-out>
  </testcase>
</testsuite>